# JRE version: OpenJDK Runtime Environment Temurin-17.0.6+10 (17.0.6+10) (build 17.0.6+10)
# Java VM: OpenJDK 64-Bit Server VM Temurin-17.0.6+10 (17.0.6+10, mixed mode, tiered, compressed oops, compressed class ptrs, parallel gc, linux-amd64)
GC Precious Log:
 CPUs: 8 total, 8 available
 Memory: 7814M
 Large Page Support: Disabled
 NUMA Support: Disabled
 Compressed Oops: Enabled (32-bit)
 Alignments: Space 512K, Generation 512K, Heap 2M
 Heap Min Capacity: 100M
 Heap Initial Capacity: 100M
 Heap Max Capacity: 1G
 Pre-touch: Disabled
 Parallel Workers: 8
Heap:
 PSYoungGen      total 3072K, used 2848K [0x00000000eab00000, 0x00000000eaf00000, 0x0000000100000000)
  eden space 2560K, 100% used [0x00000000eab00000,0x00000000ead80000,0x00000000ead80000)
  from space 512K, 56% used [0x00000000eae80000,0x00000000eaec8000,0x00000000eaf00000)
  to   space 512K, 0% used [0x00000000eae00000,0x00000000eae00000,0x00000000eae80000)
 ParOldGen       total 149504K, used 132191K [0x00000000c0000000, 0x00000000c9200000, 0x00000000eab00000)
  object space 149504K, 88% used [0x00000000c0000000,0x00000000c8117f48,0x00000000c9200000)
 Metaspace       used 87171K, committed 88256K, reserved 1130496K
  class space    used 8528K, committed 9024K, reserved 1048576K
GC Heap History (20 events):
Event: 5132.182 GC heap before
{Heap before GC invocations=7486 (full 245):
 PSYoungGen      total 2560K, used 2533K [0x00000000eab00000, 0x00000000eb100000, 0x0000000100000000)
  eden space 512K, 100% used [0x00000000eab00000,0x00000000eab80000,0x00000000eab80000)
  from space 2048K, 98% used [0x00000000ead80000,0x00000000eaf79480,0x00000000eaf80000)
  to   space 2048K, 0% used [0x00000000eab80000,0x00000000eab80000,0x00000000ead80000)
 ParOldGen       total 155136K, used 152468K [0x00000000c0000000, 0x00000000c9780000, 0x00000000eab00000)
  object space 155136K, 98% used [0x00000000c0000000,0x00000000c94e5020,0x00000000c9780000)
 Metaspace       used 87147K, committed 88192K, reserved 1130496K
  class space    used 8523K, committed 9024K, reserved 1048576K
}
Event: 5132.185 GC heap after
{Heap after GC invocations=7486 (full 245):
 PSYoungGen      total 2560K, used 2021K [0x00000000eab00000, 0x00000000eb100000, 0x0000000100000000)
  eden space 512K, 0% used [0x00000000eab00000,0x00000000eab00000,0x00000000eab80000)
  from space 2048K, 98% used [0x00000000eab80000,0x00000000ead79480,0x00000000ead80000)
  to   space 2560K, 0% used [0x00000000eae80000,0x00000000eae80000,0x00000000eb100000)
 ParOldGen       total 155136K, used 152892K [0x00000000c0000000, 0x00000000c9780000, 0x00000000eab00000)
  object space 155136K, 98% used [0x00000000c0000000,0x00000000c954f020,0x00000000c9780000)
 Metaspace       used 87147K, committed 88192K, reserved 1130496K
  class space    used 8523K, committed 9024K, reserved 1048576K
}
Event: 5132.188 GC heap before
{Heap before GC invocations=7487 (full 245):
 PSYoungGen      total 2560K, used 2533K [0x00000000eab00000, 0x00000000eb100000, 0x0000000100000000)
  eden space 512K, 100% used [0x00000000eab00000,0x00000000eab80000,0x00000000eab80000)
  from space 2048K, 98% used [0x00000000eab80000,0x00000000ead79480,0x00000000ead80000)
  to   space 2560K, 0% used [0x00000000eae80000,0x00000000eae80000,0x00000000eb100000)
 ParOldGen       total 155136K, used 152892K [0x00000000c0000000, 0x00000000c9780000, 0x00000000eab00000)
  object space 155136K, 98% used [0x00000000c0000000,0x00000000c954f020,0x00000000c9780000)
 Metaspace       used 87147K, committed 88192K, reserved 1130496K
  class space    used 8523K, committed 9024K, reserved 1048576K
}
Event: 5132.191 GC heap after
{Heap after GC invocations=7487 (full 245):
 PSYoungGen      total 3584K, used 2213K [0x00000000eab00000, 0x00000000eb100000, 0x0000000100000000)
  eden space 1024K, 0% used [0x00000000eab00000,0x00000000eab00000,0x00000000eac00000)
  from space 2560K, 86% used [0x00000000eae80000,0x00000000eb0a9480,0x00000000eb100000)
  to   space 2560K, 0% used [0x00000000eac00000,0x00000000eac00000,0x00000000eae80000)
 ParOldGen       total 155136K, used 152892K [0x00000000c0000000, 0x00000000c9780000, 0x00000000eab00000)
  object space 155136K, 98% used [0x00000000c0000000,0x00000000c954f020,0x00000000c9780000)
 Metaspace       used 87147K, committed 88192K, reserved 1130496K
  class space    used 8523K, committed 9024K, reserved 1048576K
}
Event: 5132.194 GC heap before
{Heap before GC invocations=7488 (full 245):
 PSYoungGen      total 3584K, used 3237K [0x00000000eab00000, 0x00000000eb100000, 0x0000000100000000)
  eden space 1024K, 99% used [0x00000000eab00000,0x00000000eabffff0,0x00000000eac00000)
  from space 2560K, 86% used [0x00000000eae80000,0x00000000eb0a9480,0x00000000eb100000)
  to   space 2560K, 0% used [0x00000000eac00000,0x00000000eac00000,0x00000000eae80000)
 ParOldGen       total 155136K, used 152892K [0x00000000c0000000, 0x00000000c9780000, 0x00000000eab00000)
  object space 155136K, 98% used [0x00000000c0000000,0x00000000c954f020,0x00000000c9780000)
 Metaspace       used 87147K, committed 88192K, reserved 1130496K
  class space    used 8523K, committed 9024K, reserved 1048576K
}
Event: 5132.196 GC heap after
{Heap after GC invocations=7488 (full 245):
 PSYoungGen      total 3584K, used 2181K [0x00000000eab00000, 0x00000000eb180000, 0x0000000100000000)
  eden space 1024K, 0% used [0x00000000eab00000,0x00000000eab00000,0x00000000eac00000)
  from space 2560K, 85% used [0x00000000eac00000,0x00000000eae21480,0x00000000eae80000)
  to   space 2560K, 0% used [0x00000000eaf00000,0x00000000eaf00000,0x00000000eb180000)
 ParOldGen       total 155136K, used 152892K [0x00000000c0000000, 0x00000000c9780000, 0x00000000eab00000)
  object space 155136K, 98% used [0x00000000c0000000,0x00000000c954f020,0x00000000c9780000)
 Metaspace       used 87147K, committed 88192K, reserved 1130496K
  class space    used 8523K, committed 9024K, reserved 1048576K
}
Event: 5132.199 GC heap before
{Heap before GC invocations=7489 (full 245):
 PSYoungGen      total 3584K, used 3205K [0x00000000eab00000, 0x00000000eb180000, 0x0000000100000000)
  eden space 1024K, 100% used [0x00000000eab00000,0x00000000eac00000,0x00000000eac00000)
  from space 2560K, 85% used [0x00000000eac00000,0x00000000eae21480,0x00000000eae80000)
  to   space 2560K, 0% used [0x00000000eaf00000,0x00000000eaf00000,0x00000000eb180000)
 ParOldGen       total 155136K, used 152892K [0x00000000c0000000, 0x00000000c9780000, 0x00000000eab00000)
  object space 155136K, 98% used [0x00000000c0000000,0x00000000c954f020,0x00000000c9780000)
 Metaspace       used 87147K, committed 88192K, reserved 1130496K
  class space    used 8523K, committed 9024K, reserved 1048576K
}
Event: 5132.201 GC heap after
{Heap after GC invocations=7489 (full 245):
 PSYoungGen      total 4096K, used 2469K [0x00000000eab00000, 0x00000000eb180000, 0x0000000100000000)
  eden space 1536K, 0% used [0x00000000eab00000,0x00000000eab00000,0x00000000eac80000)
  from space 2560K, 96% used [0x00000000eaf00000,0x00000000eb169480,0x00000000eb180000)
  to   space 2560K, 0% used [0x00000000eac80000,0x00000000eac80000,0x00000000eaf00000)
 ParOldGen       total 155136K, used 152924K [0x00000000c0000000, 0x00000000c9780000, 0x00000000eab00000)
  object space 155136K, 98% used [0x00000000c0000000,0x00000000c9557020,0x00000000c9780000)
 Metaspace       used 87147K, committed 88192K, reserved 1130496K
  class space    used 8523K, committed 9024K, reserved 1048576K
}
Event: 5132.246 GC heap before
{Heap before GC invocations=7490 (full 245):
 PSYoungGen      total 4096K, used 4005K [0x00000000eab00000, 0x00000000eb180000, 0x0000000100000000)
  eden space 1536K, 100% used [0x00000000eab00000,0x00000000eac80000,0x00000000eac80000)
  from space 2560K, 96% used [0x00000000eaf00000,0x00000000eb169480,0x00000000eb180000)
  to   space 2560K, 0% used [0x00000000eac80000,0x00000000eac80000,0x00000000eaf00000)
 ParOldGen       total 155136K, used 152924K [0x00000000c0000000, 0x00000000c9780000, 0x00000000eab00000)
  object space 155136K, 98% used [0x00000000c0000000,0x00000000c9557020,0x00000000c9780000)
 Metaspace       used 87147K, committed 88192K, reserved 1130496K
  class space    used 8523K, committed 9024K, reserved 1048576K
}
Event: 5132.251 GC heap after
{Heap after GC invocations=7490 (full 245):
 PSYoungGen      total 4096K, used 1440K [0x00000000eab00000, 0x00000000eb100000, 0x0000000100000000)
  eden space 1536K, 0% used [0x00000000eab00000,0x00000000eab00000,0x00000000eac80000)
  from space 2560K, 56% used [0x00000000eac80000,0x00000000eade8000,0x00000000eaf00000)
  to   space 2048K, 0% used [0x00000000eaf00000,0x00000000eaf00000,0x00000000eb100000)
 ParOldGen       total 155136K, used 153905K [0x00000000c0000000, 0x00000000c9780000, 0x00000000eab00000)
  object space 155136K, 99% used [0x00000000c0000000,0x00000000c964c4a0,0x00000000c9780000)
 Metaspace       used 87147K, committed 88192K, reserved 1130496K
  class space    used 8523K, committed 9024K, reserved 1048576K
}
Event: 5133.403 GC heap before
{Heap before GC invocations=7491 (full 245):
 PSYoungGen      total 4096K, used 2975K [0x00000000eab00000, 0x00000000eb100000, 0x0000000100000000)
  eden space 1536K, 99% used [0x00000000eab00000,0x00000000eac7fff0,0x00000000eac80000)
  from space 2560K, 56% used [0x00000000eac80000,0x00000000eade8000,0x00000000eaf00000)
  to   space 2048K, 0% used [0x00000000eaf00000,0x00000000eaf00000,0x00000000eb100000)
 ParOldGen       total 155136K, used 153905K [0x00000000c0000000, 0x00000000c9780000, 0x00000000eab00000)
  object space 155136K, 99% used [0x00000000c0000000,0x00000000c964c4a0,0x00000000c9780000)
 Metaspace       used 87147K, committed 88192K, reserved 1130496K
  class space    used 8523K, committed 9024K, reserved 1048576K
}
Event: 5133.407 GC heap after
{Heap after GC invocations=7491 (full 245):
 PSYoungGen      total 3072K, used 576K [0x00000000eab00000, 0x00000000eb000000, 0x0000000100000000)
  eden space 2048K, 0% used [0x00000000eab00000,0x00000000eab00000,0x00000000ead00000)
  from space 1024K, 56% used [0x00000000eaf00000,0x00000000eaf90000,0x00000000eb000000)
  to   space 1024K, 0% used [0x00000000eae00000,0x00000000eae00000,0x00000000eaf00000)
 ParOldGen       total 155136K, used 154625K [0x00000000c0000000, 0x00000000c9780000, 0x00000000eab00000)
  object space 155136K, 99% used [0x00000000c0000000,0x00000000c97004a0,0x00000000c9780000)
 Metaspace       used 87147K, committed 88192K, reserved 1130496K
  class space    used 8523K, committed 9024K, reserved 1048576K
}
Event: 5133.408 GC heap before
{Heap before GC invocations=7492 (full 246):
 PSYoungGen      total 3072K, used 576K [0x00000000eab00000, 0x00000000eb000000, 0x0000000100000000)
  eden space 2048K, 0% used [0x00000000eab00000,0x00000000eab00000,0x00000000ead00000)
  from space 1024K, 56% used [0x00000000eaf00000,0x00000000eaf90000,0x00000000eb000000)
  to   space 1024K, 0% used [0x00000000eae00000,0x00000000eae00000,0x00000000eaf00000)
 ParOldGen       total 155136K, used 154625K [0x00000000c0000000, 0x00000000c9780000, 0x00000000eab00000)
  object space 155136K, 99% used [0x00000000c0000000,0x00000000c97004a0,0x00000000c9780000)
 Metaspace       used 87147K, committed 88192K, reserved 1130496K
  class space    used 8523K, committed 9024K, reserved 1048576K
}
Event: 5133.515 GC heap after
{Heap after GC invocations=7492 (full 246):
 PSYoungGen      total 3072K, used 0K [0x00000000eab00000, 0x00000000eaf80000, 0x0000000100000000)
  eden space 2560K, 0% used [0x00000000eab00000,0x00000000eab00000,0x00000000ead80000)
  from space 512K, 0% used [0x00000000eae00000,0x00000000eae00000,0x00000000eae80000)
  to   space 1024K, 0% used [0x00000000eae80000,0x00000000eae80000,0x00000000eaf80000)
 ParOldGen       total 149504K, used 132183K [0x00000000c0000000, 0x00000000c9200000, 0x00000000eab00000)
  object space 149504K, 88% used [0x00000000c0000000,0x00000000c8115f48,0x00000000c9200000)
 Metaspace       used 87143K, committed 88192K, reserved 1130496K
  class space    used 8522K, committed 9024K, reserved 1048576K
}
Event: 5133.522 GC heap before
{Heap before GC invocations=7493 (full 246):
 PSYoungGen      total 3072K, used 2560K [0x00000000eab00000, 0x00000000eaf80000, 0x0000000100000000)
  eden space 2560K, 100% used [0x00000000eab00000,0x00000000ead80000,0x00000000ead80000)
  from space 512K, 0% used [0x00000000eae00000,0x00000000eae00000,0x00000000eae80000)
  to   space 1024K, 0% used [0x00000000eae80000,0x00000000eae80000,0x00000000eaf80000)
 ParOldGen       total 149504K, used 132183K [0x00000000c0000000, 0x00000000c9200000, 0x00000000eab00000)
  object space 149504K, 88% used [0x00000000c0000000,0x00000000c8115f48,0x00000000c9200000)
 Metaspace       used 87148K, committed 88192K, reserved 1130496K
  class space    used 8522K, committed 9024K, reserved 1048576K
}
Event: 5133.523 GC heap after
{Heap after GC invocations=7493 (full 246):
 PSYoungGen      total 3584K, used 768K [0x00000000eab00000, 0x00000000eaf80000, 0x0000000100000000)
  eden space 2560K, 0% used [0x00000000eab00000,0x00000000eab00000,0x00000000ead80000)
  from space 1024K, 75% used [0x00000000eae80000,0x00000000eaf40000,0x00000000eaf80000)
  to   space 1024K, 0% used [0x00000000ead80000,0x00000000ead80000,0x00000000eae80000)
 ParOldGen       total 149504K, used 132183K [0x00000000c0000000, 0x00000000c9200000, 0x00000000eab00000)
  object space 149504K, 88% used [0x00000000c0000000,0x00000000c8115f48,0x00000000c9200000)
 Metaspace       used 87148K, committed 88192K, reserved 1130496K
  class space    used 8522K, committed 9024K, reserved 1048576K
}
Event: 5723.971 GC heap before
{Heap before GC invocations=7494 (full 246):
 PSYoungGen      total 3584K, used 3327K [0x00000000eab00000, 0x00000000eaf80000, 0x0000000100000000)
  eden space 2560K, 99% used [0x00000000eab00000,0x00000000ead7fff0,0x00000000ead80000)
  from space 1024K, 75% used [0x00000000eae80000,0x00000000eaf40000,0x00000000eaf80000)
  to   space 1024K, 0% used [0x00000000ead80000,0x00000000ead80000,0x00000000eae80000)
 ParOldGen       total 149504K, used 132183K [0x00000000c0000000, 0x00000000c9200000, 0x00000000eab00000)
  object space 149504K, 88% used [0x00000000c0000000,0x00000000c8115f48,0x00000000c9200000)
 Metaspace       used 87149K, committed 88192K, reserved 1130496K
  class space    used 8522K, committed 9024K, reserved 1048576K
}
Event: 5723.973 GC heap after
{Heap after GC invocations=7494 (full 246):
 PSYoungGen      total 3584K, used 256K [0x00000000eab00000, 0x00000000eaf00000, 0x0000000100000000)
  eden space 2560K, 0% used [0x00000000eab00000,0x00000000eab00000,0x00000000ead80000)
  from space 1024K, 25% used [0x00000000ead80000,0x00000000eadc0000,0x00000000eae80000)
  to   space 512K, 0% used [0x00000000eae80000,0x00000000eae80000,0x00000000eaf00000)
 ParOldGen       total 149504K, used 132191K [0x00000000c0000000, 0x00000000c9200000, 0x00000000eab00000)
  object space 149504K, 88% used [0x00000000c0000000,0x00000000c8117f48,0x00000000c9200000)
 Metaspace       used 87149K, committed 88192K, reserved 1130496K
  class space    used 8522K, committed 9024K, reserved 1048576K
}
Event: 6449.786 GC heap before
{Heap before GC invocations=7495 (full 246):
 PSYoungGen      total 3584K, used 2803K [0x00000000eab00000, 0x00000000eaf00000, 0x0000000100000000)
  eden space 2560K, 99% used [0x00000000eab00000,0x00000000ead7cdc8,0x00000000ead80000)
  from space 1024K, 25% used [0x00000000ead80000,0x00000000eadc0000,0x00000000eae80000)
  to   space 512K, 0% used [0x00000000eae80000,0x00000000eae80000,0x00000000eaf00000)
 ParOldGen       total 149504K, used 132191K [0x00000000c0000000, 0x00000000c9200000, 0x00000000eab00000)
  object space 149504K, 88% used [0x00000000c0000000,0x00000000c8117f48,0x00000000c9200000)
 Metaspace       used 87149K, committed 88192K, reserved 1130496K
  class space    used 8522K, committed 9024K, reserved 1048576K
}
Event: 6449.788 GC heap after
{Heap after GC invocations=7495 (full 246):
 PSYoungGen      total 3072K, used 288K [0x00000000eab00000, 0x00000000eaf00000, 0x0000000100000000)
  eden space 2560K, 0% used [0x00000000eab00000,0x00000000eab00000,0x00000000ead80000)
  from space 512K, 56% used [0x00000000eae80000,0x00000000eaec8000,0x00000000eaf00000)
  to   space 512K, 0% used [0x00000000eae00000,0x00000000eae00000,0x00000000eae80000)
 ParOldGen       total 149504K, used 132191K [0x00000000c0000000, 0x00000000c9200000, 0x00000000eab00000)
  object space 149504K, 88% used [0x00000000c0000000,0x00000000c8117f48,0x00000000c9200000)
 Metaspace       used 87149K, committed 88192K, reserved 1130496K
  class space    used 8522K, committed 9024K, reserved 1048576K
}

